2018-06-06 15:45:41 [main] DEBUG com.wl.util.HttpsClient [61] - Connecting URLhttps://te1.in.worldline.com:8443/bharatqr/upi/callback/BOBPSP
2018-06-06 15:45:56 [main] DEBUG com.wl.util.HttpsClient [87] - sending data :{"data":"2+I+azVedC1z1h8qo7gJcDBbNCG/749QoNukYEvfoZG1JJ2wkr/WhtFo9BehuRHjHoR0MVO4lY6l
svI3VZVBZACG7vlZPbakaBxVm3ZNM701hLqL0F618E2kdNcDLL8o6YexxmuFrAb6E4oBqhdSTFPK
1zjP7qiRBzrtQhTjr/2OZTnxfVdMTDzgoWpnDkL77my0XbXd2CLdHvGFG/Fm8h9t0nA/yoMMutNj
QR2m1j/Cx0yhKJv65td7CrvhPUp3HwmDa7EWVZXXyU/C7UymtotJKnlxs+zwuBAhbsTEKLr++zGW
y6sxGDqs46lyraXjLD6736lWckyQkwNnLvRf6a+XASV1TBOPbgnalO7YeKiRa/ENgBY3pwzsnaxf
LZ5Y/MkpJCPBPfAqSaCudZZA0TMpvp+sb0zmk7tIZo0JE4jzq5oNN29RFn8fITHWG6tMrOv6bCRG
OifUqdiEQfaTxhQukcll6+NwM76t0SUAoH9t7B6AL0OtR/ZFh/xrXwYd7XhL9CO8p58PMzY712Px
j4eNLJbR65qccTcQqyXuDTnLiPxGMx7KT9dH2Ado7HxUJnCcHyeT8kkF95O8luIvcA=="}
2018-06-06 15:46:15 [main] DEBUG com.wl.util.HttpsClient [99] - Http status for request :200
2018-06-06 15:46:16 [main] INFO  com.wl.util.HttpsClient [137] - Response is :{"status":"FAILED","message":"Server Internal Error","responseObject":null}
2018-06-06 15:46:26 [main] DEBUG c.wl.upi.service.TestUPITransaction [205] - Response from url{"status":"FAILED","message":"Server Internal Error","responseObject":null}
2018-06-06 15:48:39 [main] DEBUG com.wl.util.HttpsClient [61] - Connecting URLhttps://172.16.27.116:8443/bharatqr/upi/callback/BOBPSP
2018-06-06 15:48:51 [main] DEBUG com.wl.util.HttpsClient [87] - sending data :{"data":"zQQu7cxH292+bxuizXlkYWA312z5kABaKcBtLeTv+wUqBf3xBJ3IFU+9CzTTBrfX9K9MmuwvDQ+A0umYbLqRT7cjIyPtNmk3f3xEHX2UAHuGYt6QU0q/eFBV2XKWAjgAWarKjUSiX6faG0Nq/fe5/gRh73ewZKrI1JBXB0NMKFzyTT1NEHrDJkZQ0Db5PwuYirKBRcR8Rdbe9mJVmk2d7pwOT+4QSqj/FkbcyrsOvRcx0DCjDjSLi0lZCPpcl1ypwp7V1xREQWNHQPQhGDJmGnJnkc1XKkKN9sOmrT9nSFEvVNTemPlpSe6VPjDsvDUXpPgorGYEkVW3Gvd+jE9rYT+9HubeBgomouh02nr+9QWYGuBnTOCLiqhcmDX3QyHHJKEH2ySUsDOon8Pg76JGuYaf0NBPGFWtDuQU/i/idGdmpzJ3pqLzl1jHxR3+yNliaEgMwjPpogAiWxvwV1VVh8OhxAKeLZyEoMPnNXDqncEWX47I2NYTBeqbwvHyfJwHsN0m22JOpA4cVn9P+DcQKh+c8Ts4X+joxshPy+MtXISKvQimMnfW6uJLV11+wOLMKWQ98D4B+tr96TpfuFfgRw=="}
2018-06-06 15:50:02 [main] ERROR com.wl.util.HttpsClient [107] - Exception  while hitting :https://172.16.27.116:8443/bharatqr/upi/callback/BOBPSP
java.net.ConnectException: Connection timed out: connect
	at java.net.DualStackPlainSocketImpl.connect0(Native Method) ~[na:1.7.0_79]
	at java.net.DualStackPlainSocketImpl.socketConnect(DualStackPlainSocketImpl.java:79) ~[na:1.7.0_79]
	at java.net.AbstractPlainSocketImpl.doConnect(AbstractPlainSocketImpl.java:339) ~[na:1.7.0_79]
	at java.net.AbstractPlainSocketImpl.connectToAddress(AbstractPlainSocketImpl.java:200) ~[na:1.7.0_79]
	at java.net.AbstractPlainSocketImpl.connect(AbstractPlainSocketImpl.java:182) ~[na:1.7.0_79]
	at java.net.PlainSocketImpl.connect(PlainSocketImpl.java:172) ~[na:1.7.0_79]
	at java.net.SocksSocketImpl.connect(SocksSocketImpl.java:392) ~[na:1.7.0_79]
	at java.net.Socket.connect(Socket.java:579) ~[na:1.7.0_79]
	at sun.security.ssl.SSLSocketImpl.connect(SSLSocketImpl.java:625) ~[na:1.7.0_79]
	at sun.security.ssl.BaseSSLSocketImpl.connect(BaseSSLSocketImpl.java:160) ~[na:1.7.0_79]
	at sun.net.NetworkClient.doConnect(NetworkClient.java:180) ~[na:1.7.0_79]
	at sun.net.www.http.HttpClient.openServer(HttpClient.java:432) ~[na:1.7.0_79]
	at sun.net.www.http.HttpClient.openServer(HttpClient.java:527) ~[na:1.7.0_79]
	at sun.net.www.protocol.https.HttpsClient.<init>(HttpsClient.java:275) ~[na:1.7.0_79]
	at sun.net.www.protocol.https.HttpsClient.New(HttpsClient.java:371) ~[na:1.7.0_79]
	at sun.net.www.protocol.https.AbstractDelegateHttpsURLConnection.getNewHttpClient(AbstractDelegateHttpsURLConnection.java:191) ~[na:1.7.0_79]
	at sun.net.www.protocol.http.HttpURLConnection.plainConnect(HttpURLConnection.java:933) ~[na:1.7.0_79]
	at sun.net.www.protocol.https.AbstractDelegateHttpsURLConnection.connect(AbstractDelegateHttpsURLConnection.java:177) ~[na:1.7.0_79]
	at sun.net.www.protocol.http.HttpURLConnection.getOutputStream(HttpURLConnection.java:1092) ~[na:1.7.0_79]
	at sun.net.www.protocol.https.HttpsURLConnectionImpl.getOutputStream(HttpsURLConnectionImpl.java:250) ~[na:1.7.0_79]
	at com.wl.util.HttpsClient.send(HttpsClient.java:90) ~[classes/:na]
	at com.wl.upi.service.TestUPITransaction.testMultibankPspSuccess(TestUPITransaction.java:28) [test-classes/:na]
	at sun.reflect.NativeMethodAccessorImpl.invoke0(Native Method) ~[na:1.7.0_79]
	at sun.reflect.NativeMethodAccessorImpl.invoke(NativeMethodAccessorImpl.java:57) ~[na:1.7.0_79]
	at sun.reflect.DelegatingMethodAccessorImpl.invoke(DelegatingMethodAccessorImpl.java:43) ~[na:1.7.0_79]
	at java.lang.reflect.Method.invoke(Method.java:606) ~[na:1.7.0_79]
	at org.junit.runners.model.FrameworkMethod$1.runReflectiveCall(FrameworkMethod.java:47) [junit-4.11.jar:na]
	at org.junit.internal.runners.model.ReflectiveCallable.run(ReflectiveCallable.java:12) [junit-4.11.jar:na]
	at org.junit.runners.model.FrameworkMethod.invokeExplosively(FrameworkMethod.java:44) [junit-4.11.jar:na]
	at org.junit.internal.runners.statements.InvokeMethod.evaluate(InvokeMethod.java:17) [junit-4.11.jar:na]
	at org.junit.runners.ParentRunner.runLeaf(ParentRunner.java:271) [junit-4.11.jar:na]
	at org.junit.runners.BlockJUnit4ClassRunner.runChild(BlockJUnit4ClassRunner.java:70) [junit-4.11.jar:na]
	at org.junit.runners.BlockJUnit4ClassRunner.runChild(BlockJUnit4ClassRunner.java:50) [junit-4.11.jar:na]
	at org.junit.runners.ParentRunner$3.run(ParentRunner.java:238) [junit-4.11.jar:na]
	at org.junit.runners.ParentRunner$1.schedule(ParentRunner.java:63) [junit-4.11.jar:na]
	at org.junit.runners.ParentRunner.runChildren(ParentRunner.java:236) [junit-4.11.jar:na]
	at org.junit.runners.ParentRunner.access$000(ParentRunner.java:53) [junit-4.11.jar:na]
	at org.junit.runners.ParentRunner$2.evaluate(ParentRunner.java:229) [junit-4.11.jar:na]
	at org.junit.runners.ParentRunner.run(ParentRunner.java:309) [junit-4.11.jar:na]
	at org.eclipse.jdt.internal.junit4.runner.JUnit4TestReference.run(JUnit4TestReference.java:86) [.cp/:na]
	at org.eclipse.jdt.internal.junit.runner.TestExecution.run(TestExecution.java:38) [.cp/:na]
	at org.eclipse.jdt.internal.junit.runner.RemoteTestRunner.runTests(RemoteTestRunner.java:459) [.cp/:na]
	at org.eclipse.jdt.internal.junit.runner.RemoteTestRunner.runTests(RemoteTestRunner.java:678) [.cp/:na]
	at org.eclipse.jdt.internal.junit.runner.RemoteTestRunner.run(RemoteTestRunner.java:382) [.cp/:na]
	at org.eclipse.jdt.internal.junit.runner.RemoteTestRunner.main(RemoteTestRunner.java:192) [.cp/:na]
2018-06-06 15:56:52 [main] DEBUG com.wl.util.HttpsClient [61] - Connecting URLhttps://172.16.26.116:8443/bharatqr/upi/callback/BOBPSP
2018-06-06 15:56:52 [main] DEBUG com.wl.util.HttpsClient [87] - sending data :{"data":"zQQu7cxH292+bxuizXlkYWA312z5kABaKcBtLeTv+wUqBf3xBJ3IFU+9CzTTBrfX9K9MmuwvDQ+A0umYbLqRT7cjIyPtNmk3f3xEHX2UAHuGYt6QU0q/eFBV2XKWAjgAWarKjUSiX6faG0Nq/fe5/gRh73ewZKrI1JBXB0NMKFzyTT1NEHrDJkZQ0Db5PwuYirKBRcR8Rdbe9mJVmk2d7pwOT+4QSqj/FkbcyrsOvRcx0DCjDjSLi0lZCPpcl1ypwp7V1xREQWNHQPQhGDJmGnJnkc1XKkKN9sOmrT9nSFEvVNTemPlpSe6VPjDsvDUXpPgorGYEkVW3Gvd+jE9rYT+9HubeBgomouh02nr+9QWYGuBnTOCLiqhcmDX3QyHHJKEH2ySUsDOon8Pg76JGuYaf0NBPGFWtDuQU/i/idGdmpzJ3pqLzl1jHxR3+yNliaEgMwjPpogAiWxvwV1VVh8OhxAKeLZyEoMPnNXDqncEWX47I2NYTBeqbwvHyfJwHsN0m22JOpA4cVn9P+DcQKh+c8Ts4X+joxshPy+MtXISKvQimMnfW6uJLV11+wOLMKWQ98D4B+tr96TpfuFfgRw=="}
2018-06-06 15:56:53 [main] DEBUG com.wl.util.HttpsClient [99] - Http status for request :200
2018-06-06 15:56:53 [main] INFO  com.wl.util.HttpsClient [137] - Response is :{"status":"FAILED","message":"QR Details not found","responseObject":null}
2018-06-06 15:56:53 [main] DEBUG c.wl.upi.service.TestUPITransaction [29] - Response from url{"status":"FAILED","message":"QR Details not found","responseObject":null}
2018-06-06 16:03:11 [main] DEBUG com.wl.util.HttpsClient [61] - Connecting URLhttps://172.16.26.116:8443/bharatqr/upi/callback/BOBPSP
2018-06-06 16:03:12 [main] DEBUG com.wl.util.HttpsClient [87] - sending data :{"data":"B5E78EE973168AA168996F4B675DFB6E4826A16AD6994370C4BDAE821E6C66EC1423D1BCFA59562651B0A09690969173E716899AB70E2984D6BD4529E0245F8CD7C1EC7C30BA1F5B4F7B8D18FED06BFB26161C297C65D904E4B269A36FCC0C4B06AEEC6D6552D3727BB39CE8BDE4FFC510478D386C9A3DCF2F695C3A5554D56CEFD59B612C9AA18264A22821F5D7FDFE301C9AC499AFDBA0181892179A3D88C025D465483EB03BE5CEBAC72B402BD1DC5511F76405D5B818D9E791FA50F34F806D092DA57FD42BABCD8978B56DFAAEE083EB2BBE09999EE472DA22400007006B5E8BEC1B97A96C9CC0B0F441849C1D141C11AB2DB72EF9F5EA76BB4D83CFD00CBDC127B219552787EB5FCB691F6ECDC83ED2C2F9764AE44A8B8020A1EBEEC6164B98F375871EB7CA79F9BB7B1C7C472CDAE80A2520464F3DC217D8448E8796CE5528AA212D4BA42EAE040C87559EA0372D9DEEDFF62A5C0534877199975158053D2683FC9CA8A33076EA40177D3C48B8B89EE084F9CCA48ACCE8CE8E8E84A52FDA56A691F038124A732766B04634CC0518B664CE085A345F7E540305B16A504672660E24635F72EB5CC85A38043C30AE760C01D838DCA0489B3643F537353CE874CDCF6A0476ECA20851191F32ADFCB1"}
2018-06-06 16:03:12 [main] DEBUG com.wl.util.HttpsClient [99] - Http status for request :200
2018-06-06 16:03:12 [main] INFO  com.wl.util.HttpsClient [137] - Response is :{"status":"FAILED","message":"Server Internal Error","responseObject":null}
2018-06-06 16:03:12 [main] DEBUG c.wl.upi.service.TestUPITransaction [29] - Response from url{"status":"FAILED","message":"Server Internal Error","responseObject":null}
